ARM GAS  /var/folders/l2/71_2bdwd5hl5fnnvwg2sr4v80000gn/T//cc8lKCp0.s 			page 1


   1              		.cpu cortex-m4
   2              		.arch armv7e-m
   3              		.fpu fpv4-sp-d16
   4              		.eabi_attribute 27, 1
   5              		.eabi_attribute 28, 1
   6              		.eabi_attribute 20, 1
   7              		.eabi_attribute 21, 1
   8              		.eabi_attribute 23, 3
   9              		.eabi_attribute 24, 1
  10              		.eabi_attribute 25, 1
  11              		.eabi_attribute 26, 1
  12              		.eabi_attribute 30, 1
  13              		.eabi_attribute 34, 1
  14              		.eabi_attribute 18, 4
  15              		.file	"dma.c"
  16              		.text
  17              	.Ltext0:
  18              		.cfi_sections	.debug_frame
  19              		.file 1 "Core/Src/dma.c"
  20              		.section	.text.MX_DMA_Init,"ax",%progbits
  21              		.align	1
  22              		.global	MX_DMA_Init
  23              		.syntax unified
  24              		.thumb
  25              		.thumb_func
  27              	MX_DMA_Init:
  28              	.LFB123:
   1:Core/Src/dma.c **** /* USER CODE BEGIN Header */
   2:Core/Src/dma.c **** /**
   3:Core/Src/dma.c ****   ******************************************************************************
   4:Core/Src/dma.c ****   * @file    dma.c
   5:Core/Src/dma.c ****   * @brief   This file provides code for the configuration
   6:Core/Src/dma.c ****   *          of all the requested memory to memory DMA transfers.
   7:Core/Src/dma.c ****   ******************************************************************************
   8:Core/Src/dma.c ****   * @attention
   9:Core/Src/dma.c ****   *
  10:Core/Src/dma.c ****   * Copyright (c) 2024 STMicroelectronics.
  11:Core/Src/dma.c ****   * All rights reserved.
  12:Core/Src/dma.c ****   *
  13:Core/Src/dma.c ****   * This software is licensed under terms that can be found in the LICENSE file
  14:Core/Src/dma.c ****   * in the root directory of this software component.
  15:Core/Src/dma.c ****   * If no LICENSE file comes with this software, it is provided AS-IS.
  16:Core/Src/dma.c ****   *
  17:Core/Src/dma.c ****   ******************************************************************************
  18:Core/Src/dma.c ****   */
  19:Core/Src/dma.c **** /* USER CODE END Header */
  20:Core/Src/dma.c **** 
  21:Core/Src/dma.c **** /* Includes ------------------------------------------------------------------*/
  22:Core/Src/dma.c **** #include "dma.h"
  23:Core/Src/dma.c **** 
  24:Core/Src/dma.c **** /* USER CODE BEGIN 0 */
  25:Core/Src/dma.c **** 
  26:Core/Src/dma.c **** /* USER CODE END 0 */
  27:Core/Src/dma.c **** 
  28:Core/Src/dma.c **** /*----------------------------------------------------------------------------*/
  29:Core/Src/dma.c **** /* Configure DMA                                                              */
  30:Core/Src/dma.c **** /*----------------------------------------------------------------------------*/
ARM GAS  /var/folders/l2/71_2bdwd5hl5fnnvwg2sr4v80000gn/T//cc8lKCp0.s 			page 2


  31:Core/Src/dma.c **** 
  32:Core/Src/dma.c **** /* USER CODE BEGIN 1 */
  33:Core/Src/dma.c **** 
  34:Core/Src/dma.c **** /* USER CODE END 1 */
  35:Core/Src/dma.c **** 
  36:Core/Src/dma.c **** /**
  37:Core/Src/dma.c ****   * Enable DMA controller clock
  38:Core/Src/dma.c ****   */
  39:Core/Src/dma.c **** void MX_DMA_Init(void)
  40:Core/Src/dma.c **** {
  29              		.loc 1 40 1 view -0
  30              		.cfi_startproc
  31              		@ args = 0, pretend = 0, frame = 8
  32              		@ frame_needed = 0, uses_anonymous_args = 0
  33 0000 00B5     		push	{lr}
  34              	.LCFI0:
  35              		.cfi_def_cfa_offset 4
  36              		.cfi_offset 14, -4
  37 0002 83B0     		sub	sp, sp, #12
  38              	.LCFI1:
  39              		.cfi_def_cfa_offset 16
  41:Core/Src/dma.c **** 
  42:Core/Src/dma.c ****   /* DMA controller clock enable */
  43:Core/Src/dma.c ****   __HAL_RCC_DMA1_CLK_ENABLE();
  40              		.loc 1 43 3 view .LVU1
  41              	.LBB2:
  42              		.loc 1 43 3 view .LVU2
  43              		.loc 1 43 3 view .LVU3
  44 0004 124B     		ldr	r3, .L3
  45 0006 5A69     		ldr	r2, [r3, #20]
  46 0008 42F00102 		orr	r2, r2, #1
  47 000c 5A61     		str	r2, [r3, #20]
  48              		.loc 1 43 3 view .LVU4
  49 000e 5B69     		ldr	r3, [r3, #20]
  50 0010 03F00103 		and	r3, r3, #1
  51 0014 0193     		str	r3, [sp, #4]
  52              		.loc 1 43 3 view .LVU5
  53 0016 019B     		ldr	r3, [sp, #4]
  54              	.LBE2:
  55              		.loc 1 43 3 view .LVU6
  44:Core/Src/dma.c **** 
  45:Core/Src/dma.c ****   /* DMA interrupt init */
  46:Core/Src/dma.c ****   /* DMA1_Channel1_IRQn interrupt configuration */
  47:Core/Src/dma.c ****   HAL_NVIC_SetPriority(DMA1_Channel1_IRQn, 0, 0);
  56              		.loc 1 47 3 view .LVU7
  57 0018 0022     		movs	r2, #0
  58 001a 1146     		mov	r1, r2
  59 001c 0B20     		movs	r0, #11
  60 001e FFF7FEFF 		bl	HAL_NVIC_SetPriority
  61              	.LVL0:
  48:Core/Src/dma.c ****   HAL_NVIC_EnableIRQ(DMA1_Channel1_IRQn);
  62              		.loc 1 48 3 view .LVU8
  63 0022 0B20     		movs	r0, #11
  64 0024 FFF7FEFF 		bl	HAL_NVIC_EnableIRQ
  65              	.LVL1:
  49:Core/Src/dma.c ****   /* DMA1_Channel4_IRQn interrupt configuration */
  50:Core/Src/dma.c ****   HAL_NVIC_SetPriority(DMA1_Channel4_IRQn, 0, 0);
ARM GAS  /var/folders/l2/71_2bdwd5hl5fnnvwg2sr4v80000gn/T//cc8lKCp0.s 			page 3


  66              		.loc 1 50 3 view .LVU9
  67 0028 0022     		movs	r2, #0
  68 002a 1146     		mov	r1, r2
  69 002c 0E20     		movs	r0, #14
  70 002e FFF7FEFF 		bl	HAL_NVIC_SetPriority
  71              	.LVL2:
  51:Core/Src/dma.c ****   HAL_NVIC_EnableIRQ(DMA1_Channel4_IRQn);
  72              		.loc 1 51 3 view .LVU10
  73 0032 0E20     		movs	r0, #14
  74 0034 FFF7FEFF 		bl	HAL_NVIC_EnableIRQ
  75              	.LVL3:
  52:Core/Src/dma.c ****   /* DMA1_Channel5_IRQn interrupt configuration */
  53:Core/Src/dma.c ****   HAL_NVIC_SetPriority(DMA1_Channel5_IRQn, 0, 0);
  76              		.loc 1 53 3 view .LVU11
  77 0038 0022     		movs	r2, #0
  78 003a 1146     		mov	r1, r2
  79 003c 0F20     		movs	r0, #15
  80 003e FFF7FEFF 		bl	HAL_NVIC_SetPriority
  81              	.LVL4:
  54:Core/Src/dma.c ****   HAL_NVIC_EnableIRQ(DMA1_Channel5_IRQn);
  82              		.loc 1 54 3 view .LVU12
  83 0042 0F20     		movs	r0, #15
  84 0044 FFF7FEFF 		bl	HAL_NVIC_EnableIRQ
  85              	.LVL5:
  55:Core/Src/dma.c **** 
  56:Core/Src/dma.c **** }
  86              		.loc 1 56 1 is_stmt 0 view .LVU13
  87 0048 03B0     		add	sp, sp, #12
  88              	.LCFI2:
  89              		.cfi_def_cfa_offset 4
  90              		@ sp needed
  91 004a 5DF804FB 		ldr	pc, [sp], #4
  92              	.L4:
  93 004e 00BF     		.align	2
  94              	.L3:
  95 0050 00100240 		.word	1073876992
  96              		.cfi_endproc
  97              	.LFE123:
  99              		.text
 100              	.Letext0:
 101              		.file 2 "Drivers/CMSIS/Device/ST/STM32F3xx/Include/stm32f303x8.h"
 102              		.file 3 "/opt/ST/STM32CubeCLT_1.16.0/GNU-tools-for-STM32/arm-none-eabi/include/machine/_default_ty
 103              		.file 4 "/opt/ST/STM32CubeCLT_1.16.0/GNU-tools-for-STM32/arm-none-eabi/include/sys/_stdint.h"
 104              		.file 5 "Drivers/STM32F3xx_HAL_Driver/Inc/stm32f3xx_hal_cortex.h"
ARM GAS  /var/folders/l2/71_2bdwd5hl5fnnvwg2sr4v80000gn/T//cc8lKCp0.s 			page 4


DEFINED SYMBOLS
                            *ABS*:00000000 dma.c
/var/folders/l2/71_2bdwd5hl5fnnvwg2sr4v80000gn/T//cc8lKCp0.s:21     .text.MX_DMA_Init:00000000 $t
/var/folders/l2/71_2bdwd5hl5fnnvwg2sr4v80000gn/T//cc8lKCp0.s:27     .text.MX_DMA_Init:00000000 MX_DMA_Init
/var/folders/l2/71_2bdwd5hl5fnnvwg2sr4v80000gn/T//cc8lKCp0.s:95     .text.MX_DMA_Init:00000050 $d

UNDEFINED SYMBOLS
HAL_NVIC_SetPriority
HAL_NVIC_EnableIRQ
