ARM GAS  /var/folders/l2/71_2bdwd5hl5fnnvwg2sr4v80000gn/T//ccZxks1K.s 			page 1


   1              		.cpu cortex-m4
   2              		.arch armv7e-m
   3              		.fpu fpv4-sp-d16
   4              		.eabi_attribute 27, 1
   5              		.eabi_attribute 28, 1
   6              		.eabi_attribute 20, 1
   7              		.eabi_attribute 21, 1
   8              		.eabi_attribute 23, 3
   9              		.eabi_attribute 24, 1
  10              		.eabi_attribute 25, 1
  11              		.eabi_attribute 26, 1
  12              		.eabi_attribute 30, 1
  13              		.eabi_attribute 34, 1
  14              		.eabi_attribute 18, 4
  15              		.file	"usart.c"
  16              		.text
  17              	.Ltext0:
  18              		.cfi_sections	.debug_frame
  19              		.file 1 "Core/Src/usart.c"
  20              		.section	.text.MX_USART1_UART_Init,"ax",%progbits
  21              		.align	1
  22              		.global	MX_USART1_UART_Init
  23              		.syntax unified
  24              		.thumb
  25              		.thumb_func
  27              	MX_USART1_UART_Init:
  28              	.LFB123:
   1:Core/Src/usart.c **** /* USER CODE BEGIN Header */
   2:Core/Src/usart.c **** /**
   3:Core/Src/usart.c ****   ******************************************************************************
   4:Core/Src/usart.c ****   * @file    usart.c
   5:Core/Src/usart.c ****   * @brief   This file provides code for the configuration
   6:Core/Src/usart.c ****   *          of the USART instances.
   7:Core/Src/usart.c ****   ******************************************************************************
   8:Core/Src/usart.c ****   * @attention
   9:Core/Src/usart.c ****   *
  10:Core/Src/usart.c ****   * Copyright (c) 2024 STMicroelectronics.
  11:Core/Src/usart.c ****   * All rights reserved.
  12:Core/Src/usart.c ****   *
  13:Core/Src/usart.c ****   * This software is licensed under terms that can be found in the LICENSE file
  14:Core/Src/usart.c ****   * in the root directory of this software component.
  15:Core/Src/usart.c ****   * If no LICENSE file comes with this software, it is provided AS-IS.
  16:Core/Src/usart.c ****   *
  17:Core/Src/usart.c ****   ******************************************************************************
  18:Core/Src/usart.c ****   */
  19:Core/Src/usart.c **** /* USER CODE END Header */
  20:Core/Src/usart.c **** /* Includes ------------------------------------------------------------------*/
  21:Core/Src/usart.c **** #include "usart.h"
  22:Core/Src/usart.c **** 
  23:Core/Src/usart.c **** /* USER CODE BEGIN 0 */
  24:Core/Src/usart.c **** 
  25:Core/Src/usart.c **** /* USER CODE END 0 */
  26:Core/Src/usart.c **** 
  27:Core/Src/usart.c **** UART_HandleTypeDef huart1;
  28:Core/Src/usart.c **** UART_HandleTypeDef huart2;
  29:Core/Src/usart.c **** DMA_HandleTypeDef hdma_usart1_rx;
  30:Core/Src/usart.c **** DMA_HandleTypeDef hdma_usart1_tx;
ARM GAS  /var/folders/l2/71_2bdwd5hl5fnnvwg2sr4v80000gn/T//ccZxks1K.s 			page 2


  31:Core/Src/usart.c **** DMA_HandleTypeDef hdma_usart2_rx;
  32:Core/Src/usart.c **** DMA_HandleTypeDef hdma_usart2_tx;
  33:Core/Src/usart.c **** 
  34:Core/Src/usart.c **** /* USART1 init function */
  35:Core/Src/usart.c **** 
  36:Core/Src/usart.c **** void MX_USART1_UART_Init(void)
  37:Core/Src/usart.c **** {
  29              		.loc 1 37 1 view -0
  30              		.cfi_startproc
  31              		@ args = 0, pretend = 0, frame = 0
  32              		@ frame_needed = 0, uses_anonymous_args = 0
  33 0000 08B5     		push	{r3, lr}
  34              	.LCFI0:
  35              		.cfi_def_cfa_offset 8
  36              		.cfi_offset 3, -8
  37              		.cfi_offset 14, -4
  38:Core/Src/usart.c **** 
  39:Core/Src/usart.c ****   /* USER CODE BEGIN USART1_Init 0 */
  40:Core/Src/usart.c **** 
  41:Core/Src/usart.c ****   /* USER CODE END USART1_Init 0 */
  42:Core/Src/usart.c **** 
  43:Core/Src/usart.c ****   /* USER CODE BEGIN USART1_Init 1 */
  44:Core/Src/usart.c **** 
  45:Core/Src/usart.c ****   /* USER CODE END USART1_Init 1 */
  46:Core/Src/usart.c ****   huart1.Instance = USART1;
  38              		.loc 1 46 3 view .LVU1
  39              		.loc 1 46 19 is_stmt 0 view .LVU2
  40 0002 0B48     		ldr	r0, .L5
  41 0004 0B4B     		ldr	r3, .L5+4
  42 0006 0360     		str	r3, [r0]
  47:Core/Src/usart.c ****   huart1.Init.BaudRate = 230400;
  43              		.loc 1 47 3 is_stmt 1 view .LVU3
  44              		.loc 1 47 24 is_stmt 0 view .LVU4
  45 0008 4FF46133 		mov	r3, #230400
  46 000c 4360     		str	r3, [r0, #4]
  48:Core/Src/usart.c ****   huart1.Init.WordLength = UART_WORDLENGTH_8B;
  47              		.loc 1 48 3 is_stmt 1 view .LVU5
  48              		.loc 1 48 26 is_stmt 0 view .LVU6
  49 000e 0023     		movs	r3, #0
  50 0010 8360     		str	r3, [r0, #8]
  49:Core/Src/usart.c ****   huart1.Init.StopBits = UART_STOPBITS_1;
  51              		.loc 1 49 3 is_stmt 1 view .LVU7
  52              		.loc 1 49 24 is_stmt 0 view .LVU8
  53 0012 C360     		str	r3, [r0, #12]
  50:Core/Src/usart.c ****   huart1.Init.Parity = UART_PARITY_NONE;
  54              		.loc 1 50 3 is_stmt 1 view .LVU9
  55              		.loc 1 50 22 is_stmt 0 view .LVU10
  56 0014 0361     		str	r3, [r0, #16]
  51:Core/Src/usart.c ****   huart1.Init.Mode = UART_MODE_TX_RX;
  57              		.loc 1 51 3 is_stmt 1 view .LVU11
  58              		.loc 1 51 20 is_stmt 0 view .LVU12
  59 0016 0C22     		movs	r2, #12
  60 0018 4261     		str	r2, [r0, #20]
  52:Core/Src/usart.c ****   huart1.Init.HwFlowCtl = UART_HWCONTROL_NONE;
  61              		.loc 1 52 3 is_stmt 1 view .LVU13
  62              		.loc 1 52 25 is_stmt 0 view .LVU14
  63 001a 8361     		str	r3, [r0, #24]
ARM GAS  /var/folders/l2/71_2bdwd5hl5fnnvwg2sr4v80000gn/T//ccZxks1K.s 			page 3


  53:Core/Src/usart.c ****   huart1.Init.OverSampling = UART_OVERSAMPLING_16;
  64              		.loc 1 53 3 is_stmt 1 view .LVU15
  65              		.loc 1 53 28 is_stmt 0 view .LVU16
  66 001c C361     		str	r3, [r0, #28]
  54:Core/Src/usart.c ****   huart1.Init.OneBitSampling = UART_ONE_BIT_SAMPLE_DISABLE;
  67              		.loc 1 54 3 is_stmt 1 view .LVU17
  68              		.loc 1 54 30 is_stmt 0 view .LVU18
  69 001e 0362     		str	r3, [r0, #32]
  55:Core/Src/usart.c ****   huart1.AdvancedInit.AdvFeatureInit = UART_ADVFEATURE_NO_INIT;
  70              		.loc 1 55 3 is_stmt 1 view .LVU19
  71              		.loc 1 55 38 is_stmt 0 view .LVU20
  72 0020 4362     		str	r3, [r0, #36]
  56:Core/Src/usart.c ****   if (HAL_UART_Init(&huart1) != HAL_OK)
  73              		.loc 1 56 3 is_stmt 1 view .LVU21
  74              		.loc 1 56 7 is_stmt 0 view .LVU22
  75 0022 FFF7FEFF 		bl	HAL_UART_Init
  76              	.LVL0:
  77              		.loc 1 56 6 view .LVU23
  78 0026 00B9     		cbnz	r0, .L4
  79              	.L1:
  57:Core/Src/usart.c ****   {
  58:Core/Src/usart.c ****     Error_Handler();
  59:Core/Src/usart.c ****   }
  60:Core/Src/usart.c ****   /* USER CODE BEGIN USART1_Init 2 */
  61:Core/Src/usart.c **** 
  62:Core/Src/usart.c ****   /* USER CODE END USART1_Init 2 */
  63:Core/Src/usart.c **** 
  64:Core/Src/usart.c **** }
  80              		.loc 1 64 1 view .LVU24
  81 0028 08BD     		pop	{r3, pc}
  82              	.L4:
  58:Core/Src/usart.c ****   }
  83              		.loc 1 58 5 is_stmt 1 view .LVU25
  84 002a FFF7FEFF 		bl	Error_Handler
  85              	.LVL1:
  86              		.loc 1 64 1 is_stmt 0 view .LVU26
  87 002e FBE7     		b	.L1
  88              	.L6:
  89              		.align	2
  90              	.L5:
  91 0030 00000000 		.word	huart1
  92 0034 00380140 		.word	1073821696
  93              		.cfi_endproc
  94              	.LFE123:
  96              		.section	.text.MX_USART2_UART_Init,"ax",%progbits
  97              		.align	1
  98              		.global	MX_USART2_UART_Init
  99              		.syntax unified
 100              		.thumb
 101              		.thumb_func
 103              	MX_USART2_UART_Init:
 104              	.LFB124:
  65:Core/Src/usart.c **** /* USART2 init function */
  66:Core/Src/usart.c **** 
  67:Core/Src/usart.c **** void MX_USART2_UART_Init(void)
  68:Core/Src/usart.c **** {
 105              		.loc 1 68 1 is_stmt 1 view -0
ARM GAS  /var/folders/l2/71_2bdwd5hl5fnnvwg2sr4v80000gn/T//ccZxks1K.s 			page 4


 106              		.cfi_startproc
 107              		@ args = 0, pretend = 0, frame = 0
 108              		@ frame_needed = 0, uses_anonymous_args = 0
 109 0000 08B5     		push	{r3, lr}
 110              	.LCFI1:
 111              		.cfi_def_cfa_offset 8
 112              		.cfi_offset 3, -8
 113              		.cfi_offset 14, -4
  69:Core/Src/usart.c **** 
  70:Core/Src/usart.c ****   /* USER CODE BEGIN USART2_Init 0 */
  71:Core/Src/usart.c **** 
  72:Core/Src/usart.c ****   /* USER CODE END USART2_Init 0 */
  73:Core/Src/usart.c **** 
  74:Core/Src/usart.c ****   /* USER CODE BEGIN USART2_Init 1 */
  75:Core/Src/usart.c **** 
  76:Core/Src/usart.c ****   /* USER CODE END USART2_Init 1 */
  77:Core/Src/usart.c ****   huart2.Instance = USART2;
 114              		.loc 1 77 3 view .LVU28
 115              		.loc 1 77 19 is_stmt 0 view .LVU29
 116 0002 0B48     		ldr	r0, .L11
 117 0004 0B4B     		ldr	r3, .L11+4
 118 0006 0360     		str	r3, [r0]
  78:Core/Src/usart.c ****   huart2.Init.BaudRate = 230400;
 119              		.loc 1 78 3 is_stmt 1 view .LVU30
 120              		.loc 1 78 24 is_stmt 0 view .LVU31
 121 0008 4FF46133 		mov	r3, #230400
 122 000c 4360     		str	r3, [r0, #4]
  79:Core/Src/usart.c ****   huart2.Init.WordLength = UART_WORDLENGTH_8B;
 123              		.loc 1 79 3 is_stmt 1 view .LVU32
 124              		.loc 1 79 26 is_stmt 0 view .LVU33
 125 000e 0023     		movs	r3, #0
 126 0010 8360     		str	r3, [r0, #8]
  80:Core/Src/usart.c ****   huart2.Init.StopBits = UART_STOPBITS_1;
 127              		.loc 1 80 3 is_stmt 1 view .LVU34
 128              		.loc 1 80 24 is_stmt 0 view .LVU35
 129 0012 C360     		str	r3, [r0, #12]
  81:Core/Src/usart.c ****   huart2.Init.Parity = UART_PARITY_NONE;
 130              		.loc 1 81 3 is_stmt 1 view .LVU36
 131              		.loc 1 81 22 is_stmt 0 view .LVU37
 132 0014 0361     		str	r3, [r0, #16]
  82:Core/Src/usart.c ****   huart2.Init.Mode = UART_MODE_TX_RX;
 133              		.loc 1 82 3 is_stmt 1 view .LVU38
 134              		.loc 1 82 20 is_stmt 0 view .LVU39
 135 0016 0C22     		movs	r2, #12
 136 0018 4261     		str	r2, [r0, #20]
  83:Core/Src/usart.c ****   huart2.Init.HwFlowCtl = UART_HWCONTROL_NONE;
 137              		.loc 1 83 3 is_stmt 1 view .LVU40
 138              		.loc 1 83 25 is_stmt 0 view .LVU41
 139 001a 8361     		str	r3, [r0, #24]
  84:Core/Src/usart.c ****   huart2.Init.OverSampling = UART_OVERSAMPLING_16;
 140              		.loc 1 84 3 is_stmt 1 view .LVU42
 141              		.loc 1 84 28 is_stmt 0 view .LVU43
 142 001c C361     		str	r3, [r0, #28]
  85:Core/Src/usart.c ****   huart2.Init.OneBitSampling = UART_ONE_BIT_SAMPLE_DISABLE;
 143              		.loc 1 85 3 is_stmt 1 view .LVU44
 144              		.loc 1 85 30 is_stmt 0 view .LVU45
 145 001e 0362     		str	r3, [r0, #32]
ARM GAS  /var/folders/l2/71_2bdwd5hl5fnnvwg2sr4v80000gn/T//ccZxks1K.s 			page 5


  86:Core/Src/usart.c ****   huart2.AdvancedInit.AdvFeatureInit = UART_ADVFEATURE_NO_INIT;
 146              		.loc 1 86 3 is_stmt 1 view .LVU46
 147              		.loc 1 86 38 is_stmt 0 view .LVU47
 148 0020 4362     		str	r3, [r0, #36]
  87:Core/Src/usart.c ****   if (HAL_UART_Init(&huart2) != HAL_OK)
 149              		.loc 1 87 3 is_stmt 1 view .LVU48
 150              		.loc 1 87 7 is_stmt 0 view .LVU49
 151 0022 FFF7FEFF 		bl	HAL_UART_Init
 152              	.LVL2:
 153              		.loc 1 87 6 view .LVU50
 154 0026 00B9     		cbnz	r0, .L10
 155              	.L7:
  88:Core/Src/usart.c ****   {
  89:Core/Src/usart.c ****     Error_Handler();
  90:Core/Src/usart.c ****   }
  91:Core/Src/usart.c ****   /* USER CODE BEGIN USART2_Init 2 */
  92:Core/Src/usart.c **** 
  93:Core/Src/usart.c ****   /* USER CODE END USART2_Init 2 */
  94:Core/Src/usart.c **** 
  95:Core/Src/usart.c **** }
 156              		.loc 1 95 1 view .LVU51
 157 0028 08BD     		pop	{r3, pc}
 158              	.L10:
  89:Core/Src/usart.c ****   }
 159              		.loc 1 89 5 is_stmt 1 view .LVU52
 160 002a FFF7FEFF 		bl	Error_Handler
 161              	.LVL3:
 162              		.loc 1 95 1 is_stmt 0 view .LVU53
 163 002e FBE7     		b	.L7
 164              	.L12:
 165              		.align	2
 166              	.L11:
 167 0030 00000000 		.word	huart2
 168 0034 00440040 		.word	1073759232
 169              		.cfi_endproc
 170              	.LFE124:
 172              		.section	.text.HAL_UART_MspInit,"ax",%progbits
 173              		.align	1
 174              		.global	HAL_UART_MspInit
 175              		.syntax unified
 176              		.thumb
 177              		.thumb_func
 179              	HAL_UART_MspInit:
 180              	.LVL4:
 181              	.LFB125:
  96:Core/Src/usart.c **** 
  97:Core/Src/usart.c **** void HAL_UART_MspInit(UART_HandleTypeDef* uartHandle)
  98:Core/Src/usart.c **** {
 182              		.loc 1 98 1 is_stmt 1 view -0
 183              		.cfi_startproc
 184              		@ args = 0, pretend = 0, frame = 40
 185              		@ frame_needed = 0, uses_anonymous_args = 0
 186              		.loc 1 98 1 is_stmt 0 view .LVU55
 187 0000 10B5     		push	{r4, lr}
 188              	.LCFI2:
 189              		.cfi_def_cfa_offset 8
 190              		.cfi_offset 4, -8
ARM GAS  /var/folders/l2/71_2bdwd5hl5fnnvwg2sr4v80000gn/T//ccZxks1K.s 			page 6


 191              		.cfi_offset 14, -4
 192 0002 8AB0     		sub	sp, sp, #40
 193              	.LCFI3:
 194              		.cfi_def_cfa_offset 48
 195 0004 0446     		mov	r4, r0
  99:Core/Src/usart.c **** 
 100:Core/Src/usart.c ****   GPIO_InitTypeDef GPIO_InitStruct = {0};
 196              		.loc 1 100 3 is_stmt 1 view .LVU56
 197              		.loc 1 100 20 is_stmt 0 view .LVU57
 198 0006 0023     		movs	r3, #0
 199 0008 0593     		str	r3, [sp, #20]
 200 000a 0693     		str	r3, [sp, #24]
 201 000c 0793     		str	r3, [sp, #28]
 202 000e 0893     		str	r3, [sp, #32]
 203 0010 0993     		str	r3, [sp, #36]
 101:Core/Src/usart.c ****   if(uartHandle->Instance==USART1)
 204              		.loc 1 101 3 is_stmt 1 view .LVU58
 205              		.loc 1 101 16 is_stmt 0 view .LVU59
 206 0012 0368     		ldr	r3, [r0]
 207              		.loc 1 101 5 view .LVU60
 208 0014 5C4A     		ldr	r2, .L27
 209 0016 9342     		cmp	r3, r2
 210 0018 04D0     		beq	.L21
 102:Core/Src/usart.c ****   {
 103:Core/Src/usart.c ****   /* USER CODE BEGIN USART1_MspInit 0 */
 104:Core/Src/usart.c **** 
 105:Core/Src/usart.c ****   /* USER CODE END USART1_MspInit 0 */
 106:Core/Src/usart.c ****     /* USART1 clock enable */
 107:Core/Src/usart.c ****     __HAL_RCC_USART1_CLK_ENABLE();
 108:Core/Src/usart.c **** 
 109:Core/Src/usart.c ****     __HAL_RCC_GPIOA_CLK_ENABLE();
 110:Core/Src/usart.c ****     /**USART1 GPIO Configuration
 111:Core/Src/usart.c ****     PA9     ------> USART1_TX
 112:Core/Src/usart.c ****     PA10     ------> USART1_RX
 113:Core/Src/usart.c ****     */
 114:Core/Src/usart.c ****     GPIO_InitStruct.Pin = GPIO_PIN_9|GPIO_PIN_10;
 115:Core/Src/usart.c ****     GPIO_InitStruct.Mode = GPIO_MODE_AF_PP;
 116:Core/Src/usart.c ****     GPIO_InitStruct.Pull = GPIO_NOPULL;
 117:Core/Src/usart.c ****     GPIO_InitStruct.Speed = GPIO_SPEED_FREQ_HIGH;
 118:Core/Src/usart.c ****     GPIO_InitStruct.Alternate = GPIO_AF7_USART1;
 119:Core/Src/usart.c ****     HAL_GPIO_Init(GPIOA, &GPIO_InitStruct);
 120:Core/Src/usart.c **** 
 121:Core/Src/usart.c ****     /* USART1 DMA Init */
 122:Core/Src/usart.c ****     /* USART1_RX Init */
 123:Core/Src/usart.c ****     hdma_usart1_rx.Instance = DMA1_Channel5;
 124:Core/Src/usart.c ****     hdma_usart1_rx.Init.Direction = DMA_PERIPH_TO_MEMORY;
 125:Core/Src/usart.c ****     hdma_usart1_rx.Init.PeriphInc = DMA_PINC_DISABLE;
 126:Core/Src/usart.c ****     hdma_usart1_rx.Init.MemInc = DMA_MINC_ENABLE;
 127:Core/Src/usart.c ****     hdma_usart1_rx.Init.PeriphDataAlignment = DMA_PDATAALIGN_BYTE;
 128:Core/Src/usart.c ****     hdma_usart1_rx.Init.MemDataAlignment = DMA_MDATAALIGN_BYTE;
 129:Core/Src/usart.c ****     hdma_usart1_rx.Init.Mode = DMA_CIRCULAR;
 130:Core/Src/usart.c ****     hdma_usart1_rx.Init.Priority = DMA_PRIORITY_HIGH;
 131:Core/Src/usart.c ****     if (HAL_DMA_Init(&hdma_usart1_rx) != HAL_OK)
 132:Core/Src/usart.c ****     {
 133:Core/Src/usart.c ****       Error_Handler();
 134:Core/Src/usart.c ****     }
 135:Core/Src/usart.c **** 
ARM GAS  /var/folders/l2/71_2bdwd5hl5fnnvwg2sr4v80000gn/T//ccZxks1K.s 			page 7


 136:Core/Src/usart.c ****     __HAL_LINKDMA(uartHandle,hdmarx,hdma_usart1_rx);
 137:Core/Src/usart.c **** 
 138:Core/Src/usart.c ****     /* USART1_TX Init */
 139:Core/Src/usart.c ****     hdma_usart1_tx.Instance = DMA1_Channel4;
 140:Core/Src/usart.c ****     hdma_usart1_tx.Init.Direction = DMA_MEMORY_TO_PERIPH;
 141:Core/Src/usart.c ****     hdma_usart1_tx.Init.PeriphInc = DMA_PINC_DISABLE;
 142:Core/Src/usart.c ****     hdma_usart1_tx.Init.MemInc = DMA_MINC_ENABLE;
 143:Core/Src/usart.c ****     hdma_usart1_tx.Init.PeriphDataAlignment = DMA_PDATAALIGN_BYTE;
 144:Core/Src/usart.c ****     hdma_usart1_tx.Init.MemDataAlignment = DMA_MDATAALIGN_BYTE;
 145:Core/Src/usart.c ****     hdma_usart1_tx.Init.Mode = DMA_NORMAL;
 146:Core/Src/usart.c ****     hdma_usart1_tx.Init.Priority = DMA_PRIORITY_HIGH;
 147:Core/Src/usart.c ****     if (HAL_DMA_Init(&hdma_usart1_tx) != HAL_OK)
 148:Core/Src/usart.c ****     {
 149:Core/Src/usart.c ****       Error_Handler();
 150:Core/Src/usart.c ****     }
 151:Core/Src/usart.c **** 
 152:Core/Src/usart.c ****     __HAL_LINKDMA(uartHandle,hdmatx,hdma_usart1_tx);
 153:Core/Src/usart.c **** 
 154:Core/Src/usart.c ****     /* USART1 interrupt Init */
 155:Core/Src/usart.c ****     HAL_NVIC_SetPriority(USART1_IRQn, 0, 0);
 156:Core/Src/usart.c ****     HAL_NVIC_EnableIRQ(USART1_IRQn);
 157:Core/Src/usart.c ****   /* USER CODE BEGIN USART1_MspInit 1 */
 158:Core/Src/usart.c **** 
 159:Core/Src/usart.c ****   /* USER CODE END USART1_MspInit 1 */
 160:Core/Src/usart.c ****   }
 161:Core/Src/usart.c ****   else if(uartHandle->Instance==USART2)
 211              		.loc 1 161 8 is_stmt 1 view .LVU61
 212              		.loc 1 161 10 is_stmt 0 view .LVU62
 213 001a 5C4A     		ldr	r2, .L27+4
 214 001c 9342     		cmp	r3, r2
 215 001e 5BD0     		beq	.L22
 216              	.LVL5:
 217              	.L13:
 162:Core/Src/usart.c ****   {
 163:Core/Src/usart.c ****   /* USER CODE BEGIN USART2_MspInit 0 */
 164:Core/Src/usart.c **** 
 165:Core/Src/usart.c ****   /* USER CODE END USART2_MspInit 0 */
 166:Core/Src/usart.c ****     /* USART2 clock enable */
 167:Core/Src/usart.c ****     __HAL_RCC_USART2_CLK_ENABLE();
 168:Core/Src/usart.c **** 
 169:Core/Src/usart.c ****     __HAL_RCC_GPIOB_CLK_ENABLE();
 170:Core/Src/usart.c ****     /**USART2 GPIO Configuration
 171:Core/Src/usart.c ****     PB3     ------> USART2_TX
 172:Core/Src/usart.c ****     PB4     ------> USART2_RX
 173:Core/Src/usart.c ****     */
 174:Core/Src/usart.c ****     GPIO_InitStruct.Pin = GPIO_PIN_3|GPIO_PIN_4;
 175:Core/Src/usart.c ****     GPIO_InitStruct.Mode = GPIO_MODE_AF_PP;
 176:Core/Src/usart.c ****     GPIO_InitStruct.Pull = GPIO_NOPULL;
 177:Core/Src/usart.c ****     GPIO_InitStruct.Speed = GPIO_SPEED_FREQ_HIGH;
 178:Core/Src/usart.c ****     GPIO_InitStruct.Alternate = GPIO_AF7_USART2;
 179:Core/Src/usart.c ****     HAL_GPIO_Init(GPIOB, &GPIO_InitStruct);
 180:Core/Src/usart.c **** 
 181:Core/Src/usart.c ****     /* USART2 DMA Init */
 182:Core/Src/usart.c ****     /* USART2_RX Init */
 183:Core/Src/usart.c ****     hdma_usart2_rx.Instance = DMA1_Channel6;
 184:Core/Src/usart.c ****     hdma_usart2_rx.Init.Direction = DMA_PERIPH_TO_MEMORY;
 185:Core/Src/usart.c ****     hdma_usart2_rx.Init.PeriphInc = DMA_PINC_DISABLE;
ARM GAS  /var/folders/l2/71_2bdwd5hl5fnnvwg2sr4v80000gn/T//ccZxks1K.s 			page 8


 186:Core/Src/usart.c ****     hdma_usart2_rx.Init.MemInc = DMA_MINC_ENABLE;
 187:Core/Src/usart.c ****     hdma_usart2_rx.Init.PeriphDataAlignment = DMA_PDATAALIGN_BYTE;
 188:Core/Src/usart.c ****     hdma_usart2_rx.Init.MemDataAlignment = DMA_MDATAALIGN_BYTE;
 189:Core/Src/usart.c ****     hdma_usart2_rx.Init.Mode = DMA_CIRCULAR;
 190:Core/Src/usart.c ****     hdma_usart2_rx.Init.Priority = DMA_PRIORITY_HIGH;
 191:Core/Src/usart.c ****     if (HAL_DMA_Init(&hdma_usart2_rx) != HAL_OK)
 192:Core/Src/usart.c ****     {
 193:Core/Src/usart.c ****       Error_Handler();
 194:Core/Src/usart.c ****     }
 195:Core/Src/usart.c **** 
 196:Core/Src/usart.c ****     __HAL_LINKDMA(uartHandle,hdmarx,hdma_usart2_rx);
 197:Core/Src/usart.c **** 
 198:Core/Src/usart.c ****     /* USART2_TX Init */
 199:Core/Src/usart.c ****     hdma_usart2_tx.Instance = DMA1_Channel7;
 200:Core/Src/usart.c ****     hdma_usart2_tx.Init.Direction = DMA_MEMORY_TO_PERIPH;
 201:Core/Src/usart.c ****     hdma_usart2_tx.Init.PeriphInc = DMA_PINC_DISABLE;
 202:Core/Src/usart.c ****     hdma_usart2_tx.Init.MemInc = DMA_MINC_ENABLE;
 203:Core/Src/usart.c ****     hdma_usart2_tx.Init.PeriphDataAlignment = DMA_PDATAALIGN_BYTE;
 204:Core/Src/usart.c ****     hdma_usart2_tx.Init.MemDataAlignment = DMA_MDATAALIGN_BYTE;
 205:Core/Src/usart.c ****     hdma_usart2_tx.Init.Mode = DMA_NORMAL;
 206:Core/Src/usart.c ****     hdma_usart2_tx.Init.Priority = DMA_PRIORITY_HIGH;
 207:Core/Src/usart.c ****     if (HAL_DMA_Init(&hdma_usart2_tx) != HAL_OK)
 208:Core/Src/usart.c ****     {
 209:Core/Src/usart.c ****       Error_Handler();
 210:Core/Src/usart.c ****     }
 211:Core/Src/usart.c **** 
 212:Core/Src/usart.c ****     __HAL_LINKDMA(uartHandle,hdmatx,hdma_usart2_tx);
 213:Core/Src/usart.c **** 
 214:Core/Src/usart.c ****     /* USART2 interrupt Init */
 215:Core/Src/usart.c ****     HAL_NVIC_SetPriority(USART2_IRQn, 0, 0);
 216:Core/Src/usart.c ****     HAL_NVIC_EnableIRQ(USART2_IRQn);
 217:Core/Src/usart.c ****   /* USER CODE BEGIN USART2_MspInit 1 */
 218:Core/Src/usart.c **** 
 219:Core/Src/usart.c ****   /* USER CODE END USART2_MspInit 1 */
 220:Core/Src/usart.c ****   }
 221:Core/Src/usart.c **** }
 218              		.loc 1 221 1 view .LVU63
 219 0020 0AB0     		add	sp, sp, #40
 220              	.LCFI4:
 221              		.cfi_remember_state
 222              		.cfi_def_cfa_offset 8
 223              		@ sp needed
 224 0022 10BD     		pop	{r4, pc}
 225              	.LVL6:
 226              	.L21:
 227              	.LCFI5:
 228              		.cfi_restore_state
 107:Core/Src/usart.c **** 
 229              		.loc 1 107 5 is_stmt 1 view .LVU64
 230              	.LBB2:
 107:Core/Src/usart.c **** 
 231              		.loc 1 107 5 view .LVU65
 107:Core/Src/usart.c **** 
 232              		.loc 1 107 5 view .LVU66
 233 0024 5A4B     		ldr	r3, .L27+8
 234 0026 9A69     		ldr	r2, [r3, #24]
 235 0028 42F48042 		orr	r2, r2, #16384
ARM GAS  /var/folders/l2/71_2bdwd5hl5fnnvwg2sr4v80000gn/T//ccZxks1K.s 			page 9


 236 002c 9A61     		str	r2, [r3, #24]
 107:Core/Src/usart.c **** 
 237              		.loc 1 107 5 view .LVU67
 238 002e 9A69     		ldr	r2, [r3, #24]
 239 0030 02F48042 		and	r2, r2, #16384
 240 0034 0192     		str	r2, [sp, #4]
 107:Core/Src/usart.c **** 
 241              		.loc 1 107 5 view .LVU68
 242 0036 019A     		ldr	r2, [sp, #4]
 243              	.LBE2:
 107:Core/Src/usart.c **** 
 244              		.loc 1 107 5 view .LVU69
 109:Core/Src/usart.c ****     /**USART1 GPIO Configuration
 245              		.loc 1 109 5 view .LVU70
 246              	.LBB3:
 109:Core/Src/usart.c ****     /**USART1 GPIO Configuration
 247              		.loc 1 109 5 view .LVU71
 109:Core/Src/usart.c ****     /**USART1 GPIO Configuration
 248              		.loc 1 109 5 view .LVU72
 249 0038 5A69     		ldr	r2, [r3, #20]
 250 003a 42F40032 		orr	r2, r2, #131072
 251 003e 5A61     		str	r2, [r3, #20]
 109:Core/Src/usart.c ****     /**USART1 GPIO Configuration
 252              		.loc 1 109 5 view .LVU73
 253 0040 5B69     		ldr	r3, [r3, #20]
 254 0042 03F40033 		and	r3, r3, #131072
 255 0046 0293     		str	r3, [sp, #8]
 109:Core/Src/usart.c ****     /**USART1 GPIO Configuration
 256              		.loc 1 109 5 view .LVU74
 257 0048 029B     		ldr	r3, [sp, #8]
 258              	.LBE3:
 109:Core/Src/usart.c ****     /**USART1 GPIO Configuration
 259              		.loc 1 109 5 view .LVU75
 114:Core/Src/usart.c ****     GPIO_InitStruct.Mode = GPIO_MODE_AF_PP;
 260              		.loc 1 114 5 view .LVU76
 114:Core/Src/usart.c ****     GPIO_InitStruct.Mode = GPIO_MODE_AF_PP;
 261              		.loc 1 114 25 is_stmt 0 view .LVU77
 262 004a 4FF4C063 		mov	r3, #1536
 263 004e 0593     		str	r3, [sp, #20]
 115:Core/Src/usart.c ****     GPIO_InitStruct.Pull = GPIO_NOPULL;
 264              		.loc 1 115 5 is_stmt 1 view .LVU78
 115:Core/Src/usart.c ****     GPIO_InitStruct.Pull = GPIO_NOPULL;
 265              		.loc 1 115 26 is_stmt 0 view .LVU79
 266 0050 0223     		movs	r3, #2
 267 0052 0693     		str	r3, [sp, #24]
 116:Core/Src/usart.c ****     GPIO_InitStruct.Speed = GPIO_SPEED_FREQ_HIGH;
 268              		.loc 1 116 5 is_stmt 1 view .LVU80
 117:Core/Src/usart.c ****     GPIO_InitStruct.Alternate = GPIO_AF7_USART1;
 269              		.loc 1 117 5 view .LVU81
 117:Core/Src/usart.c ****     GPIO_InitStruct.Alternate = GPIO_AF7_USART1;
 270              		.loc 1 117 27 is_stmt 0 view .LVU82
 271 0054 0323     		movs	r3, #3
 272 0056 0893     		str	r3, [sp, #32]
 118:Core/Src/usart.c ****     HAL_GPIO_Init(GPIOA, &GPIO_InitStruct);
 273              		.loc 1 118 5 is_stmt 1 view .LVU83
 118:Core/Src/usart.c ****     HAL_GPIO_Init(GPIOA, &GPIO_InitStruct);
 274              		.loc 1 118 31 is_stmt 0 view .LVU84
ARM GAS  /var/folders/l2/71_2bdwd5hl5fnnvwg2sr4v80000gn/T//ccZxks1K.s 			page 10


 275 0058 0723     		movs	r3, #7
 276 005a 0993     		str	r3, [sp, #36]
 119:Core/Src/usart.c **** 
 277              		.loc 1 119 5 is_stmt 1 view .LVU85
 278 005c 05A9     		add	r1, sp, #20
 279 005e 4FF09040 		mov	r0, #1207959552
 280              	.LVL7:
 119:Core/Src/usart.c **** 
 281              		.loc 1 119 5 is_stmt 0 view .LVU86
 282 0062 FFF7FEFF 		bl	HAL_GPIO_Init
 283              	.LVL8:
 123:Core/Src/usart.c ****     hdma_usart1_rx.Init.Direction = DMA_PERIPH_TO_MEMORY;
 284              		.loc 1 123 5 is_stmt 1 view .LVU87
 123:Core/Src/usart.c ****     hdma_usart1_rx.Init.Direction = DMA_PERIPH_TO_MEMORY;
 285              		.loc 1 123 29 is_stmt 0 view .LVU88
 286 0066 4B48     		ldr	r0, .L27+12
 287 0068 4B4B     		ldr	r3, .L27+16
 288 006a 0360     		str	r3, [r0]
 124:Core/Src/usart.c ****     hdma_usart1_rx.Init.PeriphInc = DMA_PINC_DISABLE;
 289              		.loc 1 124 5 is_stmt 1 view .LVU89
 124:Core/Src/usart.c ****     hdma_usart1_rx.Init.PeriphInc = DMA_PINC_DISABLE;
 290              		.loc 1 124 35 is_stmt 0 view .LVU90
 291 006c 0023     		movs	r3, #0
 292 006e 4360     		str	r3, [r0, #4]
 125:Core/Src/usart.c ****     hdma_usart1_rx.Init.MemInc = DMA_MINC_ENABLE;
 293              		.loc 1 125 5 is_stmt 1 view .LVU91
 125:Core/Src/usart.c ****     hdma_usart1_rx.Init.MemInc = DMA_MINC_ENABLE;
 294              		.loc 1 125 35 is_stmt 0 view .LVU92
 295 0070 8360     		str	r3, [r0, #8]
 126:Core/Src/usart.c ****     hdma_usart1_rx.Init.PeriphDataAlignment = DMA_PDATAALIGN_BYTE;
 296              		.loc 1 126 5 is_stmt 1 view .LVU93
 126:Core/Src/usart.c ****     hdma_usart1_rx.Init.PeriphDataAlignment = DMA_PDATAALIGN_BYTE;
 297              		.loc 1 126 32 is_stmt 0 view .LVU94
 298 0072 8022     		movs	r2, #128
 299 0074 C260     		str	r2, [r0, #12]
 127:Core/Src/usart.c ****     hdma_usart1_rx.Init.MemDataAlignment = DMA_MDATAALIGN_BYTE;
 300              		.loc 1 127 5 is_stmt 1 view .LVU95
 127:Core/Src/usart.c ****     hdma_usart1_rx.Init.MemDataAlignment = DMA_MDATAALIGN_BYTE;
 301              		.loc 1 127 45 is_stmt 0 view .LVU96
 302 0076 0361     		str	r3, [r0, #16]
 128:Core/Src/usart.c ****     hdma_usart1_rx.Init.Mode = DMA_CIRCULAR;
 303              		.loc 1 128 5 is_stmt 1 view .LVU97
 128:Core/Src/usart.c ****     hdma_usart1_rx.Init.Mode = DMA_CIRCULAR;
 304              		.loc 1 128 42 is_stmt 0 view .LVU98
 305 0078 4361     		str	r3, [r0, #20]
 129:Core/Src/usart.c ****     hdma_usart1_rx.Init.Priority = DMA_PRIORITY_HIGH;
 306              		.loc 1 129 5 is_stmt 1 view .LVU99
 129:Core/Src/usart.c ****     hdma_usart1_rx.Init.Priority = DMA_PRIORITY_HIGH;
 307              		.loc 1 129 30 is_stmt 0 view .LVU100
 308 007a 2023     		movs	r3, #32
 309 007c 8361     		str	r3, [r0, #24]
 130:Core/Src/usart.c ****     if (HAL_DMA_Init(&hdma_usart1_rx) != HAL_OK)
 310              		.loc 1 130 5 is_stmt 1 view .LVU101
 130:Core/Src/usart.c ****     if (HAL_DMA_Init(&hdma_usart1_rx) != HAL_OK)
 311              		.loc 1 130 34 is_stmt 0 view .LVU102
 312 007e 4FF40053 		mov	r3, #8192
 313 0082 C361     		str	r3, [r0, #28]
ARM GAS  /var/folders/l2/71_2bdwd5hl5fnnvwg2sr4v80000gn/T//ccZxks1K.s 			page 11


 131:Core/Src/usart.c ****     {
 314              		.loc 1 131 5 is_stmt 1 view .LVU103
 131:Core/Src/usart.c ****     {
 315              		.loc 1 131 9 is_stmt 0 view .LVU104
 316 0084 FFF7FEFF 		bl	HAL_DMA_Init
 317              	.LVL9:
 131:Core/Src/usart.c ****     {
 318              		.loc 1 131 8 view .LVU105
 319 0088 00BB     		cbnz	r0, .L23
 320              	.L15:
 136:Core/Src/usart.c **** 
 321              		.loc 1 136 5 is_stmt 1 view .LVU106
 136:Core/Src/usart.c **** 
 322              		.loc 1 136 5 view .LVU107
 323 008a 424B     		ldr	r3, .L27+12
 324 008c 6367     		str	r3, [r4, #116]
 136:Core/Src/usart.c **** 
 325              		.loc 1 136 5 view .LVU108
 326 008e 5C62     		str	r4, [r3, #36]
 136:Core/Src/usart.c **** 
 327              		.loc 1 136 5 view .LVU109
 139:Core/Src/usart.c ****     hdma_usart1_tx.Init.Direction = DMA_MEMORY_TO_PERIPH;
 328              		.loc 1 139 5 view .LVU110
 139:Core/Src/usart.c ****     hdma_usart1_tx.Init.Direction = DMA_MEMORY_TO_PERIPH;
 329              		.loc 1 139 29 is_stmt 0 view .LVU111
 330 0090 4248     		ldr	r0, .L27+20
 331 0092 434B     		ldr	r3, .L27+24
 332 0094 0360     		str	r3, [r0]
 140:Core/Src/usart.c ****     hdma_usart1_tx.Init.PeriphInc = DMA_PINC_DISABLE;
 333              		.loc 1 140 5 is_stmt 1 view .LVU112
 140:Core/Src/usart.c ****     hdma_usart1_tx.Init.PeriphInc = DMA_PINC_DISABLE;
 334              		.loc 1 140 35 is_stmt 0 view .LVU113
 335 0096 1023     		movs	r3, #16
 336 0098 4360     		str	r3, [r0, #4]
 141:Core/Src/usart.c ****     hdma_usart1_tx.Init.MemInc = DMA_MINC_ENABLE;
 337              		.loc 1 141 5 is_stmt 1 view .LVU114
 141:Core/Src/usart.c ****     hdma_usart1_tx.Init.MemInc = DMA_MINC_ENABLE;
 338              		.loc 1 141 35 is_stmt 0 view .LVU115
 339 009a 0023     		movs	r3, #0
 340 009c 8360     		str	r3, [r0, #8]
 142:Core/Src/usart.c ****     hdma_usart1_tx.Init.PeriphDataAlignment = DMA_PDATAALIGN_BYTE;
 341              		.loc 1 142 5 is_stmt 1 view .LVU116
 142:Core/Src/usart.c ****     hdma_usart1_tx.Init.PeriphDataAlignment = DMA_PDATAALIGN_BYTE;
 342              		.loc 1 142 32 is_stmt 0 view .LVU117
 343 009e 8022     		movs	r2, #128
 344 00a0 C260     		str	r2, [r0, #12]
 143:Core/Src/usart.c ****     hdma_usart1_tx.Init.MemDataAlignment = DMA_MDATAALIGN_BYTE;
 345              		.loc 1 143 5 is_stmt 1 view .LVU118
 143:Core/Src/usart.c ****     hdma_usart1_tx.Init.MemDataAlignment = DMA_MDATAALIGN_BYTE;
 346              		.loc 1 143 45 is_stmt 0 view .LVU119
 347 00a2 0361     		str	r3, [r0, #16]
 144:Core/Src/usart.c ****     hdma_usart1_tx.Init.Mode = DMA_NORMAL;
 348              		.loc 1 144 5 is_stmt 1 view .LVU120
 144:Core/Src/usart.c ****     hdma_usart1_tx.Init.Mode = DMA_NORMAL;
 349              		.loc 1 144 42 is_stmt 0 view .LVU121
 350 00a4 4361     		str	r3, [r0, #20]
 145:Core/Src/usart.c ****     hdma_usart1_tx.Init.Priority = DMA_PRIORITY_HIGH;
ARM GAS  /var/folders/l2/71_2bdwd5hl5fnnvwg2sr4v80000gn/T//ccZxks1K.s 			page 12


 351              		.loc 1 145 5 is_stmt 1 view .LVU122
 145:Core/Src/usart.c ****     hdma_usart1_tx.Init.Priority = DMA_PRIORITY_HIGH;
 352              		.loc 1 145 30 is_stmt 0 view .LVU123
 353 00a6 8361     		str	r3, [r0, #24]
 146:Core/Src/usart.c ****     if (HAL_DMA_Init(&hdma_usart1_tx) != HAL_OK)
 354              		.loc 1 146 5 is_stmt 1 view .LVU124
 146:Core/Src/usart.c ****     if (HAL_DMA_Init(&hdma_usart1_tx) != HAL_OK)
 355              		.loc 1 146 34 is_stmt 0 view .LVU125
 356 00a8 4FF40053 		mov	r3, #8192
 357 00ac C361     		str	r3, [r0, #28]
 147:Core/Src/usart.c ****     {
 358              		.loc 1 147 5 is_stmt 1 view .LVU126
 147:Core/Src/usart.c ****     {
 359              		.loc 1 147 9 is_stmt 0 view .LVU127
 360 00ae FFF7FEFF 		bl	HAL_DMA_Init
 361              	.LVL10:
 147:Core/Src/usart.c ****     {
 362              		.loc 1 147 8 view .LVU128
 363 00b2 70B9     		cbnz	r0, .L24
 364              	.L16:
 152:Core/Src/usart.c **** 
 365              		.loc 1 152 5 is_stmt 1 view .LVU129
 152:Core/Src/usart.c **** 
 366              		.loc 1 152 5 view .LVU130
 367 00b4 394B     		ldr	r3, .L27+20
 368 00b6 2367     		str	r3, [r4, #112]
 152:Core/Src/usart.c **** 
 369              		.loc 1 152 5 view .LVU131
 370 00b8 5C62     		str	r4, [r3, #36]
 152:Core/Src/usart.c **** 
 371              		.loc 1 152 5 view .LVU132
 155:Core/Src/usart.c ****     HAL_NVIC_EnableIRQ(USART1_IRQn);
 372              		.loc 1 155 5 view .LVU133
 373 00ba 0022     		movs	r2, #0
 374 00bc 1146     		mov	r1, r2
 375 00be 2520     		movs	r0, #37
 376 00c0 FFF7FEFF 		bl	HAL_NVIC_SetPriority
 377              	.LVL11:
 156:Core/Src/usart.c ****   /* USER CODE BEGIN USART1_MspInit 1 */
 378              		.loc 1 156 5 view .LVU134
 379 00c4 2520     		movs	r0, #37
 380 00c6 FFF7FEFF 		bl	HAL_NVIC_EnableIRQ
 381              	.LVL12:
 382 00ca A9E7     		b	.L13
 383              	.L23:
 133:Core/Src/usart.c ****     }
 384              		.loc 1 133 7 view .LVU135
 385 00cc FFF7FEFF 		bl	Error_Handler
 386              	.LVL13:
 387 00d0 DBE7     		b	.L15
 388              	.L24:
 149:Core/Src/usart.c ****     }
 389              		.loc 1 149 7 view .LVU136
 390 00d2 FFF7FEFF 		bl	Error_Handler
 391              	.LVL14:
 392 00d6 EDE7     		b	.L16
 393              	.LVL15:
ARM GAS  /var/folders/l2/71_2bdwd5hl5fnnvwg2sr4v80000gn/T//ccZxks1K.s 			page 13


 394              	.L22:
 167:Core/Src/usart.c **** 
 395              		.loc 1 167 5 view .LVU137
 396              	.LBB4:
 167:Core/Src/usart.c **** 
 397              		.loc 1 167 5 view .LVU138
 167:Core/Src/usart.c **** 
 398              		.loc 1 167 5 view .LVU139
 399 00d8 2D4B     		ldr	r3, .L27+8
 400 00da DA69     		ldr	r2, [r3, #28]
 401 00dc 42F40032 		orr	r2, r2, #131072
 402 00e0 DA61     		str	r2, [r3, #28]
 167:Core/Src/usart.c **** 
 403              		.loc 1 167 5 view .LVU140
 404 00e2 DA69     		ldr	r2, [r3, #28]
 405 00e4 02F40032 		and	r2, r2, #131072
 406 00e8 0392     		str	r2, [sp, #12]
 167:Core/Src/usart.c **** 
 407              		.loc 1 167 5 view .LVU141
 408 00ea 039A     		ldr	r2, [sp, #12]
 409              	.LBE4:
 167:Core/Src/usart.c **** 
 410              		.loc 1 167 5 view .LVU142
 169:Core/Src/usart.c ****     /**USART2 GPIO Configuration
 411              		.loc 1 169 5 view .LVU143
 412              	.LBB5:
 169:Core/Src/usart.c ****     /**USART2 GPIO Configuration
 413              		.loc 1 169 5 view .LVU144
 169:Core/Src/usart.c ****     /**USART2 GPIO Configuration
 414              		.loc 1 169 5 view .LVU145
 415 00ec 5A69     		ldr	r2, [r3, #20]
 416 00ee 42F48022 		orr	r2, r2, #262144
 417 00f2 5A61     		str	r2, [r3, #20]
 169:Core/Src/usart.c ****     /**USART2 GPIO Configuration
 418              		.loc 1 169 5 view .LVU146
 419 00f4 5B69     		ldr	r3, [r3, #20]
 420 00f6 03F48023 		and	r3, r3, #262144
 421 00fa 0493     		str	r3, [sp, #16]
 169:Core/Src/usart.c ****     /**USART2 GPIO Configuration
 422              		.loc 1 169 5 view .LVU147
 423 00fc 049B     		ldr	r3, [sp, #16]
 424              	.LBE5:
 169:Core/Src/usart.c ****     /**USART2 GPIO Configuration
 425              		.loc 1 169 5 view .LVU148
 174:Core/Src/usart.c ****     GPIO_InitStruct.Mode = GPIO_MODE_AF_PP;
 426              		.loc 1 174 5 view .LVU149
 174:Core/Src/usart.c ****     GPIO_InitStruct.Mode = GPIO_MODE_AF_PP;
 427              		.loc 1 174 25 is_stmt 0 view .LVU150
 428 00fe 1823     		movs	r3, #24
 429 0100 0593     		str	r3, [sp, #20]
 175:Core/Src/usart.c ****     GPIO_InitStruct.Pull = GPIO_NOPULL;
 430              		.loc 1 175 5 is_stmt 1 view .LVU151
 175:Core/Src/usart.c ****     GPIO_InitStruct.Pull = GPIO_NOPULL;
 431              		.loc 1 175 26 is_stmt 0 view .LVU152
 432 0102 0223     		movs	r3, #2
 433 0104 0693     		str	r3, [sp, #24]
 176:Core/Src/usart.c ****     GPIO_InitStruct.Speed = GPIO_SPEED_FREQ_HIGH;
ARM GAS  /var/folders/l2/71_2bdwd5hl5fnnvwg2sr4v80000gn/T//ccZxks1K.s 			page 14


 434              		.loc 1 176 5 is_stmt 1 view .LVU153
 177:Core/Src/usart.c ****     GPIO_InitStruct.Alternate = GPIO_AF7_USART2;
 435              		.loc 1 177 5 view .LVU154
 177:Core/Src/usart.c ****     GPIO_InitStruct.Alternate = GPIO_AF7_USART2;
 436              		.loc 1 177 27 is_stmt 0 view .LVU155
 437 0106 0323     		movs	r3, #3
 438 0108 0893     		str	r3, [sp, #32]
 178:Core/Src/usart.c ****     HAL_GPIO_Init(GPIOB, &GPIO_InitStruct);
 439              		.loc 1 178 5 is_stmt 1 view .LVU156
 178:Core/Src/usart.c ****     HAL_GPIO_Init(GPIOB, &GPIO_InitStruct);
 440              		.loc 1 178 31 is_stmt 0 view .LVU157
 441 010a 0723     		movs	r3, #7
 442 010c 0993     		str	r3, [sp, #36]
 179:Core/Src/usart.c **** 
 443              		.loc 1 179 5 is_stmt 1 view .LVU158
 444 010e 05A9     		add	r1, sp, #20
 445 0110 2448     		ldr	r0, .L27+28
 446              	.LVL16:
 179:Core/Src/usart.c **** 
 447              		.loc 1 179 5 is_stmt 0 view .LVU159
 448 0112 FFF7FEFF 		bl	HAL_GPIO_Init
 449              	.LVL17:
 183:Core/Src/usart.c ****     hdma_usart2_rx.Init.Direction = DMA_PERIPH_TO_MEMORY;
 450              		.loc 1 183 5 is_stmt 1 view .LVU160
 183:Core/Src/usart.c ****     hdma_usart2_rx.Init.Direction = DMA_PERIPH_TO_MEMORY;
 451              		.loc 1 183 29 is_stmt 0 view .LVU161
 452 0116 2448     		ldr	r0, .L27+32
 453 0118 244B     		ldr	r3, .L27+36
 454 011a 0360     		str	r3, [r0]
 184:Core/Src/usart.c ****     hdma_usart2_rx.Init.PeriphInc = DMA_PINC_DISABLE;
 455              		.loc 1 184 5 is_stmt 1 view .LVU162
 184:Core/Src/usart.c ****     hdma_usart2_rx.Init.PeriphInc = DMA_PINC_DISABLE;
 456              		.loc 1 184 35 is_stmt 0 view .LVU163
 457 011c 0023     		movs	r3, #0
 458 011e 4360     		str	r3, [r0, #4]
 185:Core/Src/usart.c ****     hdma_usart2_rx.Init.MemInc = DMA_MINC_ENABLE;
 459              		.loc 1 185 5 is_stmt 1 view .LVU164
 185:Core/Src/usart.c ****     hdma_usart2_rx.Init.MemInc = DMA_MINC_ENABLE;
 460              		.loc 1 185 35 is_stmt 0 view .LVU165
 461 0120 8360     		str	r3, [r0, #8]
 186:Core/Src/usart.c ****     hdma_usart2_rx.Init.PeriphDataAlignment = DMA_PDATAALIGN_BYTE;
 462              		.loc 1 186 5 is_stmt 1 view .LVU166
 186:Core/Src/usart.c ****     hdma_usart2_rx.Init.PeriphDataAlignment = DMA_PDATAALIGN_BYTE;
 463              		.loc 1 186 32 is_stmt 0 view .LVU167
 464 0122 8022     		movs	r2, #128
 465 0124 C260     		str	r2, [r0, #12]
 187:Core/Src/usart.c ****     hdma_usart2_rx.Init.MemDataAlignment = DMA_MDATAALIGN_BYTE;
 466              		.loc 1 187 5 is_stmt 1 view .LVU168
 187:Core/Src/usart.c ****     hdma_usart2_rx.Init.MemDataAlignment = DMA_MDATAALIGN_BYTE;
 467              		.loc 1 187 45 is_stmt 0 view .LVU169
 468 0126 0361     		str	r3, [r0, #16]
 188:Core/Src/usart.c ****     hdma_usart2_rx.Init.Mode = DMA_CIRCULAR;
 469              		.loc 1 188 5 is_stmt 1 view .LVU170
 188:Core/Src/usart.c ****     hdma_usart2_rx.Init.Mode = DMA_CIRCULAR;
 470              		.loc 1 188 42 is_stmt 0 view .LVU171
 471 0128 4361     		str	r3, [r0, #20]
 189:Core/Src/usart.c ****     hdma_usart2_rx.Init.Priority = DMA_PRIORITY_HIGH;
ARM GAS  /var/folders/l2/71_2bdwd5hl5fnnvwg2sr4v80000gn/T//ccZxks1K.s 			page 15


 472              		.loc 1 189 5 is_stmt 1 view .LVU172
 189:Core/Src/usart.c ****     hdma_usart2_rx.Init.Priority = DMA_PRIORITY_HIGH;
 473              		.loc 1 189 30 is_stmt 0 view .LVU173
 474 012a 2023     		movs	r3, #32
 475 012c 8361     		str	r3, [r0, #24]
 190:Core/Src/usart.c ****     if (HAL_DMA_Init(&hdma_usart2_rx) != HAL_OK)
 476              		.loc 1 190 5 is_stmt 1 view .LVU174
 190:Core/Src/usart.c ****     if (HAL_DMA_Init(&hdma_usart2_rx) != HAL_OK)
 477              		.loc 1 190 34 is_stmt 0 view .LVU175
 478 012e 4FF40053 		mov	r3, #8192
 479 0132 C361     		str	r3, [r0, #28]
 191:Core/Src/usart.c ****     {
 480              		.loc 1 191 5 is_stmt 1 view .LVU176
 191:Core/Src/usart.c ****     {
 481              		.loc 1 191 9 is_stmt 0 view .LVU177
 482 0134 FFF7FEFF 		bl	HAL_DMA_Init
 483              	.LVL18:
 191:Core/Src/usart.c ****     {
 484              		.loc 1 191 8 view .LVU178
 485 0138 00BB     		cbnz	r0, .L25
 486              	.L18:
 196:Core/Src/usart.c **** 
 487              		.loc 1 196 5 is_stmt 1 view .LVU179
 196:Core/Src/usart.c **** 
 488              		.loc 1 196 5 view .LVU180
 489 013a 1B4B     		ldr	r3, .L27+32
 490 013c 6367     		str	r3, [r4, #116]
 196:Core/Src/usart.c **** 
 491              		.loc 1 196 5 view .LVU181
 492 013e 5C62     		str	r4, [r3, #36]
 196:Core/Src/usart.c **** 
 493              		.loc 1 196 5 view .LVU182
 199:Core/Src/usart.c ****     hdma_usart2_tx.Init.Direction = DMA_MEMORY_TO_PERIPH;
 494              		.loc 1 199 5 view .LVU183
 199:Core/Src/usart.c ****     hdma_usart2_tx.Init.Direction = DMA_MEMORY_TO_PERIPH;
 495              		.loc 1 199 29 is_stmt 0 view .LVU184
 496 0140 1B48     		ldr	r0, .L27+40
 497 0142 1C4B     		ldr	r3, .L27+44
 498 0144 0360     		str	r3, [r0]
 200:Core/Src/usart.c ****     hdma_usart2_tx.Init.PeriphInc = DMA_PINC_DISABLE;
 499              		.loc 1 200 5 is_stmt 1 view .LVU185
 200:Core/Src/usart.c ****     hdma_usart2_tx.Init.PeriphInc = DMA_PINC_DISABLE;
 500              		.loc 1 200 35 is_stmt 0 view .LVU186
 501 0146 1023     		movs	r3, #16
 502 0148 4360     		str	r3, [r0, #4]
 201:Core/Src/usart.c ****     hdma_usart2_tx.Init.MemInc = DMA_MINC_ENABLE;
 503              		.loc 1 201 5 is_stmt 1 view .LVU187
 201:Core/Src/usart.c ****     hdma_usart2_tx.Init.MemInc = DMA_MINC_ENABLE;
 504              		.loc 1 201 35 is_stmt 0 view .LVU188
 505 014a 0023     		movs	r3, #0
 506 014c 8360     		str	r3, [r0, #8]
 202:Core/Src/usart.c ****     hdma_usart2_tx.Init.PeriphDataAlignment = DMA_PDATAALIGN_BYTE;
 507              		.loc 1 202 5 is_stmt 1 view .LVU189
 202:Core/Src/usart.c ****     hdma_usart2_tx.Init.PeriphDataAlignment = DMA_PDATAALIGN_BYTE;
 508              		.loc 1 202 32 is_stmt 0 view .LVU190
 509 014e 8022     		movs	r2, #128
 510 0150 C260     		str	r2, [r0, #12]
ARM GAS  /var/folders/l2/71_2bdwd5hl5fnnvwg2sr4v80000gn/T//ccZxks1K.s 			page 16


 203:Core/Src/usart.c ****     hdma_usart2_tx.Init.MemDataAlignment = DMA_MDATAALIGN_BYTE;
 511              		.loc 1 203 5 is_stmt 1 view .LVU191
 203:Core/Src/usart.c ****     hdma_usart2_tx.Init.MemDataAlignment = DMA_MDATAALIGN_BYTE;
 512              		.loc 1 203 45 is_stmt 0 view .LVU192
 513 0152 0361     		str	r3, [r0, #16]
 204:Core/Src/usart.c ****     hdma_usart2_tx.Init.Mode = DMA_NORMAL;
 514              		.loc 1 204 5 is_stmt 1 view .LVU193
 204:Core/Src/usart.c ****     hdma_usart2_tx.Init.Mode = DMA_NORMAL;
 515              		.loc 1 204 42 is_stmt 0 view .LVU194
 516 0154 4361     		str	r3, [r0, #20]
 205:Core/Src/usart.c ****     hdma_usart2_tx.Init.Priority = DMA_PRIORITY_HIGH;
 517              		.loc 1 205 5 is_stmt 1 view .LVU195
 205:Core/Src/usart.c ****     hdma_usart2_tx.Init.Priority = DMA_PRIORITY_HIGH;
 518              		.loc 1 205 30 is_stmt 0 view .LVU196
 519 0156 8361     		str	r3, [r0, #24]
 206:Core/Src/usart.c ****     if (HAL_DMA_Init(&hdma_usart2_tx) != HAL_OK)
 520              		.loc 1 206 5 is_stmt 1 view .LVU197
 206:Core/Src/usart.c ****     if (HAL_DMA_Init(&hdma_usart2_tx) != HAL_OK)
 521              		.loc 1 206 34 is_stmt 0 view .LVU198
 522 0158 4FF40053 		mov	r3, #8192
 523 015c C361     		str	r3, [r0, #28]
 207:Core/Src/usart.c ****     {
 524              		.loc 1 207 5 is_stmt 1 view .LVU199
 207:Core/Src/usart.c ****     {
 525              		.loc 1 207 9 is_stmt 0 view .LVU200
 526 015e FFF7FEFF 		bl	HAL_DMA_Init
 527              	.LVL19:
 207:Core/Src/usart.c ****     {
 528              		.loc 1 207 8 view .LVU201
 529 0162 70B9     		cbnz	r0, .L26
 530              	.L19:
 212:Core/Src/usart.c **** 
 531              		.loc 1 212 5 is_stmt 1 view .LVU202
 212:Core/Src/usart.c **** 
 532              		.loc 1 212 5 view .LVU203
 533 0164 124B     		ldr	r3, .L27+40
 534 0166 2367     		str	r3, [r4, #112]
 212:Core/Src/usart.c **** 
 535              		.loc 1 212 5 view .LVU204
 536 0168 5C62     		str	r4, [r3, #36]
 212:Core/Src/usart.c **** 
 537              		.loc 1 212 5 view .LVU205
 215:Core/Src/usart.c ****     HAL_NVIC_EnableIRQ(USART2_IRQn);
 538              		.loc 1 215 5 view .LVU206
 539 016a 0022     		movs	r2, #0
 540 016c 1146     		mov	r1, r2
 541 016e 2620     		movs	r0, #38
 542 0170 FFF7FEFF 		bl	HAL_NVIC_SetPriority
 543              	.LVL20:
 216:Core/Src/usart.c ****   /* USER CODE BEGIN USART2_MspInit 1 */
 544              		.loc 1 216 5 view .LVU207
 545 0174 2620     		movs	r0, #38
 546 0176 FFF7FEFF 		bl	HAL_NVIC_EnableIRQ
 547              	.LVL21:
 548              		.loc 1 221 1 is_stmt 0 view .LVU208
 549 017a 51E7     		b	.L13
 550              	.L25:
ARM GAS  /var/folders/l2/71_2bdwd5hl5fnnvwg2sr4v80000gn/T//ccZxks1K.s 			page 17


 193:Core/Src/usart.c ****     }
 551              		.loc 1 193 7 is_stmt 1 view .LVU209
 552 017c FFF7FEFF 		bl	Error_Handler
 553              	.LVL22:
 554 0180 DBE7     		b	.L18
 555              	.L26:
 209:Core/Src/usart.c ****     }
 556              		.loc 1 209 7 view .LVU210
 557 0182 FFF7FEFF 		bl	Error_Handler
 558              	.LVL23:
 559 0186 EDE7     		b	.L19
 560              	.L28:
 561              		.align	2
 562              	.L27:
 563 0188 00380140 		.word	1073821696
 564 018c 00440040 		.word	1073759232
 565 0190 00100240 		.word	1073876992
 566 0194 00000000 		.word	hdma_usart1_rx
 567 0198 58000240 		.word	1073872984
 568 019c 00000000 		.word	hdma_usart1_tx
 569 01a0 44000240 		.word	1073872964
 570 01a4 00040048 		.word	1207960576
 571 01a8 00000000 		.word	hdma_usart2_rx
 572 01ac 6C000240 		.word	1073873004
 573 01b0 00000000 		.word	hdma_usart2_tx
 574 01b4 80000240 		.word	1073873024
 575              		.cfi_endproc
 576              	.LFE125:
 578              		.section	.text.HAL_UART_MspDeInit,"ax",%progbits
 579              		.align	1
 580              		.global	HAL_UART_MspDeInit
 581              		.syntax unified
 582              		.thumb
 583              		.thumb_func
 585              	HAL_UART_MspDeInit:
 586              	.LVL24:
 587              	.LFB126:
 222:Core/Src/usart.c **** 
 223:Core/Src/usart.c **** void HAL_UART_MspDeInit(UART_HandleTypeDef* uartHandle)
 224:Core/Src/usart.c **** {
 588              		.loc 1 224 1 view -0
 589              		.cfi_startproc
 590              		@ args = 0, pretend = 0, frame = 0
 591              		@ frame_needed = 0, uses_anonymous_args = 0
 592              		.loc 1 224 1 is_stmt 0 view .LVU212
 593 0000 10B5     		push	{r4, lr}
 594              	.LCFI6:
 595              		.cfi_def_cfa_offset 8
 596              		.cfi_offset 4, -8
 597              		.cfi_offset 14, -4
 598 0002 0446     		mov	r4, r0
 225:Core/Src/usart.c **** 
 226:Core/Src/usart.c ****   if(uartHandle->Instance==USART1)
 599              		.loc 1 226 3 is_stmt 1 view .LVU213
 600              		.loc 1 226 16 is_stmt 0 view .LVU214
 601 0004 0368     		ldr	r3, [r0]
 602              		.loc 1 226 5 view .LVU215
ARM GAS  /var/folders/l2/71_2bdwd5hl5fnnvwg2sr4v80000gn/T//ccZxks1K.s 			page 18


 603 0006 184A     		ldr	r2, .L35
 604 0008 9342     		cmp	r3, r2
 605 000a 03D0     		beq	.L33
 227:Core/Src/usart.c ****   {
 228:Core/Src/usart.c ****   /* USER CODE BEGIN USART1_MspDeInit 0 */
 229:Core/Src/usart.c **** 
 230:Core/Src/usart.c ****   /* USER CODE END USART1_MspDeInit 0 */
 231:Core/Src/usart.c ****     /* Peripheral clock disable */
 232:Core/Src/usart.c ****     __HAL_RCC_USART1_CLK_DISABLE();
 233:Core/Src/usart.c **** 
 234:Core/Src/usart.c ****     /**USART1 GPIO Configuration
 235:Core/Src/usart.c ****     PA9     ------> USART1_TX
 236:Core/Src/usart.c ****     PA10     ------> USART1_RX
 237:Core/Src/usart.c ****     */
 238:Core/Src/usart.c ****     HAL_GPIO_DeInit(GPIOA, GPIO_PIN_9|GPIO_PIN_10);
 239:Core/Src/usart.c **** 
 240:Core/Src/usart.c ****     /* USART1 DMA DeInit */
 241:Core/Src/usart.c ****     HAL_DMA_DeInit(uartHandle->hdmarx);
 242:Core/Src/usart.c ****     HAL_DMA_DeInit(uartHandle->hdmatx);
 243:Core/Src/usart.c **** 
 244:Core/Src/usart.c ****     /* USART1 interrupt Deinit */
 245:Core/Src/usart.c ****     HAL_NVIC_DisableIRQ(USART1_IRQn);
 246:Core/Src/usart.c ****   /* USER CODE BEGIN USART1_MspDeInit 1 */
 247:Core/Src/usart.c **** 
 248:Core/Src/usart.c ****   /* USER CODE END USART1_MspDeInit 1 */
 249:Core/Src/usart.c ****   }
 250:Core/Src/usart.c ****   else if(uartHandle->Instance==USART2)
 606              		.loc 1 250 8 is_stmt 1 view .LVU216
 607              		.loc 1 250 10 is_stmt 0 view .LVU217
 608 000c 174A     		ldr	r2, .L35+4
 609 000e 9342     		cmp	r3, r2
 610 0010 16D0     		beq	.L34
 611              	.LVL25:
 612              	.L29:
 251:Core/Src/usart.c ****   {
 252:Core/Src/usart.c ****   /* USER CODE BEGIN USART2_MspDeInit 0 */
 253:Core/Src/usart.c **** 
 254:Core/Src/usart.c ****   /* USER CODE END USART2_MspDeInit 0 */
 255:Core/Src/usart.c ****     /* Peripheral clock disable */
 256:Core/Src/usart.c ****     __HAL_RCC_USART2_CLK_DISABLE();
 257:Core/Src/usart.c **** 
 258:Core/Src/usart.c ****     /**USART2 GPIO Configuration
 259:Core/Src/usart.c ****     PB3     ------> USART2_TX
 260:Core/Src/usart.c ****     PB4     ------> USART2_RX
 261:Core/Src/usart.c ****     */
 262:Core/Src/usart.c ****     HAL_GPIO_DeInit(GPIOB, GPIO_PIN_3|GPIO_PIN_4);
 263:Core/Src/usart.c **** 
 264:Core/Src/usart.c ****     /* USART2 DMA DeInit */
 265:Core/Src/usart.c ****     HAL_DMA_DeInit(uartHandle->hdmarx);
 266:Core/Src/usart.c ****     HAL_DMA_DeInit(uartHandle->hdmatx);
 267:Core/Src/usart.c **** 
 268:Core/Src/usart.c ****     /* USART2 interrupt Deinit */
 269:Core/Src/usart.c ****     HAL_NVIC_DisableIRQ(USART2_IRQn);
 270:Core/Src/usart.c ****   /* USER CODE BEGIN USART2_MspDeInit 1 */
 271:Core/Src/usart.c **** 
 272:Core/Src/usart.c ****   /* USER CODE END USART2_MspDeInit 1 */
 273:Core/Src/usart.c ****   }
ARM GAS  /var/folders/l2/71_2bdwd5hl5fnnvwg2sr4v80000gn/T//ccZxks1K.s 			page 19


 274:Core/Src/usart.c **** }
 613              		.loc 1 274 1 view .LVU218
 614 0012 10BD     		pop	{r4, pc}
 615              	.LVL26:
 616              	.L33:
 232:Core/Src/usart.c **** 
 617              		.loc 1 232 5 is_stmt 1 view .LVU219
 618 0014 02F55842 		add	r2, r2, #55296
 619 0018 9369     		ldr	r3, [r2, #24]
 620 001a 23F48043 		bic	r3, r3, #16384
 621 001e 9361     		str	r3, [r2, #24]
 238:Core/Src/usart.c **** 
 622              		.loc 1 238 5 view .LVU220
 623 0020 4FF4C061 		mov	r1, #1536
 624 0024 4FF09040 		mov	r0, #1207959552
 625              	.LVL27:
 238:Core/Src/usart.c **** 
 626              		.loc 1 238 5 is_stmt 0 view .LVU221
 627 0028 FFF7FEFF 		bl	HAL_GPIO_DeInit
 628              	.LVL28:
 241:Core/Src/usart.c ****     HAL_DMA_DeInit(uartHandle->hdmatx);
 629              		.loc 1 241 5 is_stmt 1 view .LVU222
 630 002c 606F     		ldr	r0, [r4, #116]
 631 002e FFF7FEFF 		bl	HAL_DMA_DeInit
 632              	.LVL29:
 242:Core/Src/usart.c **** 
 633              		.loc 1 242 5 view .LVU223
 634 0032 206F     		ldr	r0, [r4, #112]
 635 0034 FFF7FEFF 		bl	HAL_DMA_DeInit
 636              	.LVL30:
 245:Core/Src/usart.c ****   /* USER CODE BEGIN USART1_MspDeInit 1 */
 637              		.loc 1 245 5 view .LVU224
 638 0038 2520     		movs	r0, #37
 639 003a FFF7FEFF 		bl	HAL_NVIC_DisableIRQ
 640              	.LVL31:
 641 003e E8E7     		b	.L29
 642              	.LVL32:
 643              	.L34:
 256:Core/Src/usart.c **** 
 644              		.loc 1 256 5 view .LVU225
 645 0040 02F5E632 		add	r2, r2, #117760
 646 0044 D369     		ldr	r3, [r2, #28]
 647 0046 23F40033 		bic	r3, r3, #131072
 648 004a D361     		str	r3, [r2, #28]
 262:Core/Src/usart.c **** 
 649              		.loc 1 262 5 view .LVU226
 650 004c 1821     		movs	r1, #24
 651 004e 0848     		ldr	r0, .L35+8
 652              	.LVL33:
 262:Core/Src/usart.c **** 
 653              		.loc 1 262 5 is_stmt 0 view .LVU227
 654 0050 FFF7FEFF 		bl	HAL_GPIO_DeInit
 655              	.LVL34:
 265:Core/Src/usart.c ****     HAL_DMA_DeInit(uartHandle->hdmatx);
 656              		.loc 1 265 5 is_stmt 1 view .LVU228
 657 0054 606F     		ldr	r0, [r4, #116]
 658 0056 FFF7FEFF 		bl	HAL_DMA_DeInit
ARM GAS  /var/folders/l2/71_2bdwd5hl5fnnvwg2sr4v80000gn/T//ccZxks1K.s 			page 20


 659              	.LVL35:
 266:Core/Src/usart.c **** 
 660              		.loc 1 266 5 view .LVU229
 661 005a 206F     		ldr	r0, [r4, #112]
 662 005c FFF7FEFF 		bl	HAL_DMA_DeInit
 663              	.LVL36:
 269:Core/Src/usart.c ****   /* USER CODE BEGIN USART2_MspDeInit 1 */
 664              		.loc 1 269 5 view .LVU230
 665 0060 2620     		movs	r0, #38
 666 0062 FFF7FEFF 		bl	HAL_NVIC_DisableIRQ
 667              	.LVL37:
 668              		.loc 1 274 1 is_stmt 0 view .LVU231
 669 0066 D4E7     		b	.L29
 670              	.L36:
 671              		.align	2
 672              	.L35:
 673 0068 00380140 		.word	1073821696
 674 006c 00440040 		.word	1073759232
 675 0070 00040048 		.word	1207960576
 676              		.cfi_endproc
 677              	.LFE126:
 679              		.global	hdma_usart2_tx
 680              		.section	.bss.hdma_usart2_tx,"aw",%nobits
 681              		.align	2
 684              	hdma_usart2_tx:
 685 0000 00000000 		.space	68
 685      00000000 
 685      00000000 
 685      00000000 
 685      00000000 
 686              		.global	hdma_usart2_rx
 687              		.section	.bss.hdma_usart2_rx,"aw",%nobits
 688              		.align	2
 691              	hdma_usart2_rx:
 692 0000 00000000 		.space	68
 692      00000000 
 692      00000000 
 692      00000000 
 692      00000000 
 693              		.global	hdma_usart1_tx
 694              		.section	.bss.hdma_usart1_tx,"aw",%nobits
 695              		.align	2
 698              	hdma_usart1_tx:
 699 0000 00000000 		.space	68
 699      00000000 
 699      00000000 
 699      00000000 
 699      00000000 
 700              		.global	hdma_usart1_rx
 701              		.section	.bss.hdma_usart1_rx,"aw",%nobits
 702              		.align	2
 705              	hdma_usart1_rx:
 706 0000 00000000 		.space	68
 706      00000000 
 706      00000000 
 706      00000000 
 706      00000000 
ARM GAS  /var/folders/l2/71_2bdwd5hl5fnnvwg2sr4v80000gn/T//ccZxks1K.s 			page 21


 707              		.global	huart2
 708              		.section	.bss.huart2,"aw",%nobits
 709              		.align	2
 712              	huart2:
 713 0000 00000000 		.space	136
 713      00000000 
 713      00000000 
 713      00000000 
 713      00000000 
 714              		.global	huart1
 715              		.section	.bss.huart1,"aw",%nobits
 716              		.align	2
 719              	huart1:
 720 0000 00000000 		.space	136
 720      00000000 
 720      00000000 
 720      00000000 
 720      00000000 
 721              		.text
 722              	.Letext0:
 723              		.file 2 "Drivers/CMSIS/Device/ST/STM32F3xx/Include/stm32f303x8.h"
 724              		.file 3 "/opt/ST/STM32CubeCLT_1.16.0/GNU-tools-for-STM32/arm-none-eabi/include/machine/_default_ty
 725              		.file 4 "/opt/ST/STM32CubeCLT_1.16.0/GNU-tools-for-STM32/arm-none-eabi/include/sys/_stdint.h"
 726              		.file 5 "Drivers/STM32F3xx_HAL_Driver/Inc/stm32f3xx_hal_def.h"
 727              		.file 6 "Drivers/STM32F3xx_HAL_Driver/Inc/stm32f3xx_hal_gpio.h"
 728              		.file 7 "Drivers/STM32F3xx_HAL_Driver/Inc/stm32f3xx_hal_dma.h"
 729              		.file 8 "Drivers/STM32F3xx_HAL_Driver/Inc/stm32f3xx_hal_uart.h"
 730              		.file 9 "Core/Inc/usart.h"
 731              		.file 10 "Drivers/STM32F3xx_HAL_Driver/Inc/stm32f3xx_hal_cortex.h"
 732              		.file 11 "Core/Inc/main.h"
ARM GAS  /var/folders/l2/71_2bdwd5hl5fnnvwg2sr4v80000gn/T//ccZxks1K.s 			page 22


DEFINED SYMBOLS
                            *ABS*:00000000 usart.c
/var/folders/l2/71_2bdwd5hl5fnnvwg2sr4v80000gn/T//ccZxks1K.s:21     .text.MX_USART1_UART_Init:00000000 $t
/var/folders/l2/71_2bdwd5hl5fnnvwg2sr4v80000gn/T//ccZxks1K.s:27     .text.MX_USART1_UART_Init:00000000 MX_USART1_UART_Init
/var/folders/l2/71_2bdwd5hl5fnnvwg2sr4v80000gn/T//ccZxks1K.s:91     .text.MX_USART1_UART_Init:00000030 $d
/var/folders/l2/71_2bdwd5hl5fnnvwg2sr4v80000gn/T//ccZxks1K.s:719    .bss.huart1:00000000 huart1
/var/folders/l2/71_2bdwd5hl5fnnvwg2sr4v80000gn/T//ccZxks1K.s:97     .text.MX_USART2_UART_Init:00000000 $t
/var/folders/l2/71_2bdwd5hl5fnnvwg2sr4v80000gn/T//ccZxks1K.s:103    .text.MX_USART2_UART_Init:00000000 MX_USART2_UART_Init
/var/folders/l2/71_2bdwd5hl5fnnvwg2sr4v80000gn/T//ccZxks1K.s:167    .text.MX_USART2_UART_Init:00000030 $d
/var/folders/l2/71_2bdwd5hl5fnnvwg2sr4v80000gn/T//ccZxks1K.s:712    .bss.huart2:00000000 huart2
/var/folders/l2/71_2bdwd5hl5fnnvwg2sr4v80000gn/T//ccZxks1K.s:173    .text.HAL_UART_MspInit:00000000 $t
/var/folders/l2/71_2bdwd5hl5fnnvwg2sr4v80000gn/T//ccZxks1K.s:179    .text.HAL_UART_MspInit:00000000 HAL_UART_MspInit
/var/folders/l2/71_2bdwd5hl5fnnvwg2sr4v80000gn/T//ccZxks1K.s:563    .text.HAL_UART_MspInit:00000188 $d
/var/folders/l2/71_2bdwd5hl5fnnvwg2sr4v80000gn/T//ccZxks1K.s:705    .bss.hdma_usart1_rx:00000000 hdma_usart1_rx
/var/folders/l2/71_2bdwd5hl5fnnvwg2sr4v80000gn/T//ccZxks1K.s:698    .bss.hdma_usart1_tx:00000000 hdma_usart1_tx
/var/folders/l2/71_2bdwd5hl5fnnvwg2sr4v80000gn/T//ccZxks1K.s:691    .bss.hdma_usart2_rx:00000000 hdma_usart2_rx
/var/folders/l2/71_2bdwd5hl5fnnvwg2sr4v80000gn/T//ccZxks1K.s:684    .bss.hdma_usart2_tx:00000000 hdma_usart2_tx
/var/folders/l2/71_2bdwd5hl5fnnvwg2sr4v80000gn/T//ccZxks1K.s:579    .text.HAL_UART_MspDeInit:00000000 $t
/var/folders/l2/71_2bdwd5hl5fnnvwg2sr4v80000gn/T//ccZxks1K.s:585    .text.HAL_UART_MspDeInit:00000000 HAL_UART_MspDeInit
/var/folders/l2/71_2bdwd5hl5fnnvwg2sr4v80000gn/T//ccZxks1K.s:673    .text.HAL_UART_MspDeInit:00000068 $d
/var/folders/l2/71_2bdwd5hl5fnnvwg2sr4v80000gn/T//ccZxks1K.s:681    .bss.hdma_usart2_tx:00000000 $d
/var/folders/l2/71_2bdwd5hl5fnnvwg2sr4v80000gn/T//ccZxks1K.s:688    .bss.hdma_usart2_rx:00000000 $d
/var/folders/l2/71_2bdwd5hl5fnnvwg2sr4v80000gn/T//ccZxks1K.s:695    .bss.hdma_usart1_tx:00000000 $d
/var/folders/l2/71_2bdwd5hl5fnnvwg2sr4v80000gn/T//ccZxks1K.s:702    .bss.hdma_usart1_rx:00000000 $d
/var/folders/l2/71_2bdwd5hl5fnnvwg2sr4v80000gn/T//ccZxks1K.s:709    .bss.huart2:00000000 $d
/var/folders/l2/71_2bdwd5hl5fnnvwg2sr4v80000gn/T//ccZxks1K.s:716    .bss.huart1:00000000 $d

UNDEFINED SYMBOLS
HAL_UART_Init
Error_Handler
HAL_GPIO_Init
HAL_DMA_Init
HAL_NVIC_SetPriority
HAL_NVIC_EnableIRQ
HAL_GPIO_DeInit
HAL_DMA_DeInit
HAL_NVIC_DisableIRQ
